#
# A fatal error has been detected by the Java Runtime Environment:
#
#  SIGSEGV (0xb) at pc=0x00007f6a545cbc81, pid=25764, tid=140094073554688
#
# JRE version: OpenJDK Runtime Environment (8.0_31-b13) (build 1.8.0_31-b13)
# Java VM: OpenJDK 64-Bit Server VM (25.31-b07 mixed mode linux-amd64 compressed oops)
# Problematic frame:
# V  [libjvm.so+0x6fbc81]
#
# Failed to write core dump. Core dumps have been disabled. To enable core dumping, try "ulimit -c unlimited" before starting Java again
#
# If you would like to submit a bug report, please visit:
#   http://bugreport.java.com/bugreport/crash.jsp
#

---------------  T H R E A D  ---------------

Current thread (0x00007f6a4c0cf800):  JavaThread "JDWP Transport Listener: dt_socket" daemon [_thread_in_vm, id=25778, stack(0x00007f6a316d4000,0x00007f6a317d5000)]

siginfo: si_signo: 11 (SIGSEGV), si_code: 1 (SEGV_MAPERR), si_addr: 0x00007f6cb27efa80

Registers:
RAX=0x00007f6a0c004020, RBX=0x0000000054cfd090, RCX=0x00007f6a4c0d0640, RDX=0x0000000000000001
RSP=0x00007f6a317d3a10, RBP=0x00007f6a317d3ad0, RSI=0x0000000000000000, RDI=0x00007f6a0c007600
R8 =0x0000000000000001, R9 =0x0000000000000000, R10=0x00007f6a4c0d0640, R11=0x0000000000000008
R12=0x000000000000000a, R13=0x00007f6a4c0cf800, R14=0x00007f6a304d4a48, R15=0x00000007c0060028
RIP=0x00007f6a545cbc81, EFLAGS=0x0000000000010246, CSGSFS=0x0000000000000033, ERR=0x0000000000000006
  TRAPNO=0x000000000000000e

Top of Stack: (sp=0x00007f6a317d3a10)
0x00007f6a317d3a10:   00007f6a4c0c88b0 00007f6a317d3a60
0x00007f6a317d3a20:   00007f6a4c0cf800 00007f6a0c007600
0x00007f6a317d3a30:   00007f6a317d3a50 0000000a5452fc1e
0x00007f6a317d3a40:   00007f6a317d3b98 00007f6a317d3b90
0x00007f6a317d3a50:   00007f6a304d4a48 00007f6a4c0cf800
0x00007f6a317d3a60:   00007f6a4c0cf800 00007f6a4c0c88b0
0x00007f6a317d3a70:   00007f6a4c0d0550 00007f6a4c0d0560
0x00007f6a317d3a80:   00007f6a4c0d0638 00000000000000d8
0x00007f6a317d3a90:   00007f6a317d3ea0 5ea5adf4e234c200
0x00007f6a317d3aa0:   00007f6a317d3ad0 00007f6a4c003a60
0x00007f6a317d3ab0:   000000078ea814d0 00007f6a317d3b90
0x00007f6a317d3ac0:   00007f6a4c0cf800 00007f6a317d3b98
0x00007f6a317d3ad0:   00007f6a317d3b50 00007f6a5457a1fb
0x00007f6a317d3ae0:   00007f6a4c0cf9d8 00007f6a317d3af0
0x00007f6a317d3af0:   00007f6a4c0cf800 0000000000000000
0x00007f6a317d3b00:   00007f6a00000000 0000000000000000
0x00007f6a317d3b10:   00007f6a4c261610 5ea5adf4e234c200
0x00007f6a317d3b20:   000000000000000f 00007f6a5305a000
0x00007f6a317d3b30:   00007f6a317d3c60 00007f6a4c261610
0x00007f6a317d3b40:   00007f6a317d3c60 00007f6a5305a000
0x00007f6a317d3b50:   00007f6a317d3bf0 00007f6a52e2566a
0x00007f6a317d3b60:   00007f6a0c002ef0 5ea5adf4e234c200
0x00007f6a317d3b70:   00007f6a317d3ba0 000000010c00b480
0x00007f6a317d3b80:   00007f6a317d3bb0 00007f6a52e2a9b9
0x00007f6a317d3b90:   00007f6a00000000 0000000000000000
0x00007f6a317d3ba0:   0000000000001f6a 000000000000000f
0x00007f6a317d3bb0:   00007f6a317d3bd0 5ea5adf4e234c200
0x00007f6a317d3bc0:   000000000000000f 0000000000000002
0x00007f6a317d3bd0:   00007f6a317d3c30 000000000000000f
0x00007f6a317d3be0:   00007f6a317d3c60 00007f6a5305a000
0x00007f6a317d3bf0:   00007f6a317d3e20 00007f6a52e2f9a8
0x00007f6a317d3c00:   00007f6a4c0d0828 00007f6a000f0200 

Instructions: (pc=0x00007f6a545cbc81)
0x00007f6a545cbc61:   37 48 83 c1 08 39 f2 7c e6 83 ee 01 41 83 c4 01
0x00007f6a545cbc71:   44 3b a5 6c ff ff ff 89 37 48 8b bd 58 ff ff ff
0x00007f6a545cbc81:   48 89 04 df 0f 85 2d fe ff ff e9 e5 01 00 00 8b
0x00007f6a545cbc91:   95 6c ff ff ff 48 8d 45 80 45 31 e4 48 89 85 60 

Register to memory mapping:

RAX=0x00007f6a0c004020 is an unknown value
RBX=0x0000000054cfd090 is an unknown value
RCX=0x00007f6a4c0d0640 is an unknown value
RDX=0x0000000000000001 is an unknown value
RSP=0x00007f6a317d3a10 is pointing into the stack for thread: 0x00007f6a4c0cf800
RBP=0x00007f6a317d3ad0 is pointing into the stack for thread: 0x00007f6a4c0cf800
RSI=0x0000000000000000 is an unknown value
RDI=0x00007f6a0c007600 is an unknown value
R8 =0x0000000000000001 is an unknown value
R9 =0x0000000000000000 is an unknown value
R10=0x00007f6a4c0d0640 is an unknown value
R11=0x0000000000000008 is an unknown value
R12=0x000000000000000a is an unknown value
R13=0x00007f6a4c0cf800 is a thread
R14={method} {0x00007f6a304d4a48} 'main' '([Ljava/lang/String;)V' in 'client/JsonClient'
R15=0x00000007c0060028 is pointing into metadata


Stack: [0x00007f6a316d4000,0x00007f6a317d5000],  sp=0x00007f6a317d3a10,  free space=1022k
Native frames: (J=compiled Java code, j=interpreted, Vv=VM code, C=native code)
V  [libjvm.so+0x6fbc81]
V  [libjvm.so+0x6aa1fb]
C  [libjdwp.so+0x766a]
C  [libjdwp.so+0x119a8]
C  [libjdwp.so+0x241d5]
V  [libjvm.so+0x71bde0]
V  [libjvm.so+0x9db8ca]
V  [libjvm.so+0x88f262]
C  [libpthread.so.0+0x752a]  start_thread+0xca


---------------  P R O C E S S  ---------------

Java Threads: ( => current thread )
  0x00007f6a4c17f000 JavaThread "Abandoned connection cleanup thread" daemon [_thread_blocked, id=25796, stack(0x00007f6a30fcd000,0x00007f6a310ce000)]
  0x00007f6a4c0ed800 JavaThread "Service Thread" daemon [_thread_blocked, id=25787, stack(0x00007f6a311cf000,0x00007f6a312d0000)]
  0x00007f6a4c0d8800 JavaThread "C1 CompilerThread1" daemon [_thread_blocked, id=25786, stack(0x00007f6a312d0000,0x00007f6a313d1000)]
  0x00007f6a4c0d5800 JavaThread "C2 CompilerThread0" daemon [_thread_blocked, id=25785, stack(0x00007f6a313d1000,0x00007f6a314d2000)]
  0x00007f6a0c001000 JavaThread "JDWP Command Reader" daemon [_thread_in_native, id=25782, stack(0x00007f6a314d2000,0x00007f6a315d3000)]
  0x00007f6a4c0d3000 JavaThread "JDWP Event Helper Thread" daemon [_thread_blocked, id=25781, stack(0x00007f6a315d3000,0x00007f6a316d4000)]
=>0x00007f6a4c0cf800 JavaThread "JDWP Transport Listener: dt_socket" daemon [_thread_in_vm, id=25778, stack(0x00007f6a316d4000,0x00007f6a317d5000)]
  0x00007f6a4c0b8800 JavaThread "Signal Dispatcher" daemon [_thread_blocked, id=25776, stack(0x00007f6a319da000,0x00007f6a31adb000)]
  0x00007f6a4c086000 JavaThread "Finalizer" daemon [_thread_blocked, id=25775, stack(0x00007f6a31adb000,0x00007f6a31bdc000)]
  0x00007f6a4c083800 JavaThread "Reference Handler" daemon [_thread_blocked, id=25774, stack(0x00007f6a31bdc000,0x00007f6a31cdd000)]
  0x00007f6a4c00b800 JavaThread "main" [_thread_blocked, id=25769, stack(0x00007f6a55aee000,0x00007f6a55bef000)]

Other Threads:
  0x00007f6a4c07e800 VMThread [stack: 0x00007f6a50072000,0x00007f6a50173000] [id=25773]
  0x00007f6a4c0f0000 WatcherThread [stack: 0x00007f6a310ce000,0x00007f6a311cf000] [id=25788]

VM state:not at safepoint (normal execution)

VM Mutex/Monitor currently owned by a thread: None

Heap:
 PSYoungGen      total 46592K, used 26708K [0x000000078c380000, 0x000000078f780000, 0x00000007c0000000)
  eden space 39936K, 50% used [0x000000078c380000,0x000000078d71b428,0x000000078ea80000)
  from space 6656K, 99% used [0x000000078ea80000,0x000000078f0f9f18,0x000000078f100000)
  to   space 6656K, 0% used [0x000000078f100000,0x000000078f100000,0x000000078f780000)
 ParOldGen       total 106496K, used 1113K [0x0000000724a00000, 0x000000072b200000, 0x000000078c380000)
  object space 106496K, 1% used [0x0000000724a00000,0x0000000724b166c8,0x000000072b200000)
 Metaspace       used 12629K, capacity 12772K, committed 13056K, reserved 1060864K
  class space    used 1190K, capacity 1254K, committed 1280K, reserved 1048576K

Card table byte_map: [0x00007f6a51f68000,0x00007f6a52444000] byte_map_base: 0x00007f6a4e643000

Marking Bits: (ParMarkBitMap*) 0x00007f6a54dd0600
 Begin Bits: [0x00007f6a31cdd000, 0x00007f6a343b5000)
 End Bits:   [0x00007f6a343b5000, 0x00007f6a36a8d000)

Polling page: 0x00007f6a55c0b000

CodeCache: size=245760Kb used=6060Kb max_used=6085Kb free=239699Kb
 bounds [0x00007f6a36a8d000, 0x00007f6a3708d000, 0x00007f6a45a8d000]
 total_blobs=1809 nmethods=1419 adapters=313
 compilation: enabled

Compilation events (10 events):
Event: 16.917 Thread 0x00007f6a4c0d8800 nmethod 1429 0x00007f6a37076b50 code [0x00007f6a37076d80, 0x00007f6a37077848]
Event: 16.917 Thread 0x00007f6a4c0d8800 1430       3       com.mysql.jdbc.RowDataStatic::isDynamic (2 bytes)
Event: 16.917 Thread 0x00007f6a4c0d8800 nmethod 1430 0x00007f6a37072310 code [0x00007f6a37072460, 0x00007f6a370725b0]
Event: 17.057 Thread 0x00007f6a4c0d5800 nmethod 1424 0x00007f6a3707c490 code [0x00007f6a3707c860, 0x00007f6a3707e428]
Event: 17.057 Thread 0x00007f6a4c0d5800 1428 %     4       org.jsoup.select.NodeTraversor::traverse @ 4 (99 bytes)
Event: 17.129 Thread 0x00007f6a4c0d5800 nmethod 1428% 0x00007f6a3707fe50 code [0x00007f6a37080180, 0x00007f6a370818d0]
Event: 35.767 Thread 0x00007f6a4c0d8800 1432  s    3       sun.net.www.MessageHeader::findValue (69 bytes)
Event: 35.769 Thread 0x00007f6a4c0d8800 nmethod 1432 0x00007f6a3707b810 code [0x00007f6a3707b9c0, 0x00007f6a3707c0c8]
Event: 226.959 Thread 0x00007f6a4c0d5800 1433       4       java.lang.ref.ReferenceQueue::reallyPoll (66 bytes)
Event: 226.963 Thread 0x00007f6a4c0d5800 nmethod 1433 0x00007f6a36b93990 code [0x00007f6a36b93ae0, 0x00007f6a36b93c18]

GC Heap History (2 events):
Event: 10.564 GC heap before
{Heap before GC invocations=1 (full 0):
 PSYoungGen      total 46592K, used 39936K [0x000000078c380000, 0x000000078f780000, 0x00000007c0000000)
  eden space 39936K, 100% used [0x000000078c380000,0x000000078ea80000,0x000000078ea80000)
  from space 6656K, 0% used [0x000000078f100000,0x000000078f100000,0x000000078f780000)
  to   space 6656K, 0% used [0x000000078ea80000,0x000000078ea80000,0x000000078f100000)
 ParOldGen       total 106496K, used 0K [0x0000000724a00000, 0x000000072b200000, 0x000000078c380000)
  object space 106496K, 0% used [0x0000000724a00000,0x0000000724a00000,0x000000072b200000)
 Metaspace       used 12430K, capacity 12638K, committed 12800K, reserved 1060864K
  class space    used 1183K, capacity 1253K, committed 1280K, reserved 1048576K
Event: 10.595 GC heap after
Heap after GC invocations=1 (full 0):
 PSYoungGen      total 46592K, used 6631K [0x000000078c380000, 0x000000078f780000, 0x00000007c0000000)
  eden space 39936K, 0% used [0x000000078c380000,0x000000078c380000,0x000000078ea80000)
  from space 6656K, 99% used [0x000000078ea80000,0x000000078f0f9f18,0x000000078f100000)
  to   space 6656K, 0% used [0x000000078f100000,0x000000078f100000,0x000000078f780000)
 ParOldGen       total 106496K, used 1113K [0x0000000724a00000, 0x000000072b200000, 0x000000078c380000)
  object space 106496K, 1% used [0x0000000724a00000,0x0000000724b166c8,0x000000072b200000)
 Metaspace       used 12430K, capacity 12638K, committed 12800K, reserved 1060864K
  class space    used 1183K, capacity 1253K, committed 1280K, reserved 1048576K
}

Deoptimization events (5 events):
Event: 8.242 Thread 0x00007f6a4c00b800 Uncommon trap: reason=class_check action=maybe_recompile pc=0x00007f6a36cbae20 method=java.util.HashMap.putVal(ILjava/lang/Object;Ljava/lang/Object;ZZ)Ljava/lang/Object; @ 253
Event: 8.242 Thread 0x00007f6a4c00b800 Uncommon trap: reason=class_check action=maybe_recompile pc=0x00007f6a36cbae20 method=java.util.HashMap.putVal(ILjava/lang/Object;Ljava/lang/Object;ZZ)Ljava/lang/Object; @ 253
Event: 8.242 Thread 0x00007f6a4c00b800 Uncommon trap: reason=class_check action=maybe_recompile pc=0x00007f6a36cbae20 method=java.util.HashMap.putVal(ILjava/lang/Object;Ljava/lang/Object;ZZ)Ljava/lang/Object; @ 253
Event: 8.242 Thread 0x00007f6a4c00b800 Uncommon trap: reason=class_check action=maybe_recompile pc=0x00007f6a36cbae20 method=java.util.HashMap.putVal(ILjava/lang/Object;Ljava/lang/Object;ZZ)Ljava/lang/Object; @ 253
Event: 8.525 Thread 0x00007f6a4c00b800 Uncommon trap: reason=unloaded action=reinterpret pc=0x00007f6a36c1bda4 method=java.lang.CharacterData.of(I)Ljava/lang/CharacterData; @ 96

Internal exceptions (10 events):
Event: 5.936 Thread 0x00007f6a4c00b800 Exception <a 'java/security/PrivilegedActionException'> (0x000000078d1e6268) thrown at [/builddir/build/BUILD/java-1.8.0-openjdk-1.8.0.31-5.b13.fc21.x86_64/jdk8/hotspot/src/share/vm/prims/jvm.cpp, line 1312]
Event: 5.937 Thread 0x00007f6a4c00b800 Exception <a 'java/security/PrivilegedActionException'> (0x000000078d1e9978) thrown at [/builddir/build/BUILD/java-1.8.0-openjdk-1.8.0.31-5.b13.fc21.x86_64/jdk8/hotspot/src/share/vm/prims/jvm.cpp, line 1312]
Event: 5.946 Thread 0x00007f6a4c00b800 Exception <a 'java/security/PrivilegedActionException'> (0x000000078d1ecad8) thrown at [/builddir/build/BUILD/java-1.8.0-openjdk-1.8.0.31-5.b13.fc21.x86_64/jdk8/hotspot/src/share/vm/prims/jvm.cpp, line 1312]
Event: 5.986 Thread 0x00007f6a4c00b800 Exception <a 'java/security/PrivilegedActionException'> (0x000000078d212008) thrown at [/builddir/build/BUILD/java-1.8.0-openjdk-1.8.0.31-5.b13.fc21.x86_64/jdk8/hotspot/src/share/vm/prims/jvm.cpp, line 1312]
Event: 8.639 Thread 0x00007f6a4c00b800 Exception <a 'java/lang/ClassNotFoundException': java/lang/Null> (0x000000078de31cd0) thrown at [/builddir/build/BUILD/java-1.8.0-openjdk-1.8.0.31-5.b13.fc21.x86_64/jdk8/hotspot/src/share/vm/classfile/systemDictionary.cpp, line 202]
Event: 8.679 Thread 0x00007f6a4c00b800 Exception <a 'java/lang/NoSuchFieldError': method resolution failed> (0x000000078de92b58) thrown at [/builddir/build/BUILD/java-1.8.0-openjdk-1.8.0.31-5.b13.fc21.x86_64/jdk8/hotspot/src/share/vm/prims/methodHandles.cpp, line 1159]
Event: 8.692 Thread 0x00007f6a4c00b800 Exception <a 'java/lang/NoSuchFieldError': method resolution failed> (0x000000078dea19b0) thrown at [/builddir/build/BUILD/java-1.8.0-openjdk-1.8.0.31-5.b13.fc21.x86_64/jdk8/hotspot/src/share/vm/prims/methodHandles.cpp, line 1159]
Event: 8.697 Thread 0x00007f6a4c00b800 Exception <a 'java/lang/NoSuchFieldError': method resolution failed> (0x000000078dea4e78) thrown at [/builddir/build/BUILD/java-1.8.0-openjdk-1.8.0.31-5.b13.fc21.x86_64/jdk8/hotspot/src/share/vm/prims/methodHandles.cpp, line 1159]
Event: 35.960 Thread 0x00007f6a4c00b800 Exception <a 'java/security/PrivilegedActionException'> (0x000000078d6643b0) thrown at [/builddir/build/BUILD/java-1.8.0-openjdk-1.8.0.31-5.b13.fc21.x86_64/jdk8/hotspot/src/share/vm/prims/jvm.cpp, line 1312]
Event: 35.961 Thread 0x00007f6a4c00b800 Exception <a 'java/security/PrivilegedActionException'> (0x000000078d665cd0) thrown at [/builddir/build/BUILD/java-1.8.0-openjdk-1.8.0.31-5.b13.fc21.x86_64/jdk8/hotspot/src/share/vm/prims/jvm.cpp, line 1312]

Events (10 events):
Event: 400.240 Executing VM operation: GetCurrentLocation
Event: 400.240 Executing VM operation: GetCurrentLocation done
Event: 400.240 Executing VM operation: EnterInterpOnlyMode
Event: 400.240 Executing VM operation: EnterInterpOnlyMode done
Event: 400.240 Executing VM operation: ChangeSingleStep
Event: 400.240 Executing VM operation: ChangeSingleStep done
Event: 400.240 Executing VM operation: ChangeSingleStep
Event: 400.240 Executing VM operation: ChangeSingleStep done
Event: 400.258 Executing VM operation: RedefineClasses
Event: 400.351 Executing VM operation: RedefineClasses done


Dynamic libraries:
00400000-00401000 r-xp 00000000 fd:01 158959                             /usr/lib/jvm/java-1.8.0-openjdk-1.8.0.31-5.b13.fc21.x86_64/bin/java
00600000-00601000 r--p 00000000 fd:01 158959                             /usr/lib/jvm/java-1.8.0-openjdk-1.8.0.31-5.b13.fc21.x86_64/bin/java
00601000-00602000 rw-p 00001000 fd:01 158959                             /usr/lib/jvm/java-1.8.0-openjdk-1.8.0.31-5.b13.fc21.x86_64/bin/java
00607000-00628000 rw-p 00000000 00:00 0                                  [heap]
724a00000-72b200000 rw-p 00000000 00:00 0 
72b200000-78c380000 ---p 00000000 00:00 0 
78c380000-78f780000 rw-p 00000000 00:00 0 
78f780000-7c0000000 ---p 00000000 00:00 0 
7c0000000-7c0140000 rw-p 00000000 00:00 0 
7c0140000-800000000 ---p 00000000 00:00 0 
7f69f4000000-7f69f4021000 rw-p 00000000 00:00 0 
7f69f4021000-7f69f8000000 ---p 00000000 00:00 0 
7f69f8000000-7f69f8021000 rw-p 00000000 00:00 0 
7f69f8021000-7f69fc000000 ---p 00000000 00:00 0 
7f69fc000000-7f69fce3a000 rw-p 00000000 00:00 0 
7f69fce3a000-7f6a00000000 ---p 00000000 00:00 0 
7f6a00000000-7f6a00021000 rw-p 00000000 00:00 0 
7f6a00021000-7f6a04000000 ---p 00000000 00:00 0 
7f6a04000000-7f6a04021000 rw-p 00000000 00:00 0 
7f6a04021000-7f6a08000000 ---p 00000000 00:00 0 
7f6a08000000-7f6a0a26b000 rw-p 00000000 00:00 0 
7f6a0a26b000-7f6a0c000000 ---p 00000000 00:00 0 
7f6a0c000000-7f6a0c021000 rw-p 00000000 00:00 0 
7f6a0c021000-7f6a10000000 ---p 00000000 00:00 0 
7f6a10000000-7f6a10021000 rw-p 00000000 00:00 0 
7f6a10021000-7f6a14000000 ---p 00000000 00:00 0 
7f6a14000000-7f6a14021000 rw-p 00000000 00:00 0 
7f6a14021000-7f6a18000000 ---p 00000000 00:00 0 
7f6a18000000-7f6a18021000 rw-p 00000000 00:00 0 
7f6a18021000-7f6a1c000000 ---p 00000000 00:00 0 
7f6a1c000000-7f6a1c07f000 rw-p 00000000 00:00 0 
7f6a1c07f000-7f6a20000000 ---p 00000000 00:00 0 
7f6a20000000-7f6a20021000 rw-p 00000000 00:00 0 
7f6a20021000-7f6a24000000 ---p 00000000 00:00 0 
7f6a24000000-7f6a24021000 rw-p 00000000 00:00 0 
7f6a24021000-7f6a28000000 ---p 00000000 00:00 0 
7f6a2c000000-7f6a2c021000 rw-p 00000000 00:00 0 
7f6a2c021000-7f6a30000000 ---p 00000000 00:00 0 
7f6a30190000-7f6a30193000 ---p 00000000 00:00 0 
7f6a30193000-7f6a30291000 rw-p 00000000 00:00 0 
7f6a30291000-7f6a30294000 ---p 00000000 00:00 0 
7f6a30294000-7f6a30512000 rw-p 00000000 00:00 0 
7f6a30512000-7f6a30592000 ---p 00000000 00:00 0 
7f6a30592000-7f6a30792000 rw-p 00000000 00:00 0 
7f6a30792000-7f6a307a9000 r-xp 00000000 fd:01 1580552                    /usr/lib64/libresolv-2.20.so
7f6a307a9000-7f6a309a8000 ---p 00017000 fd:01 1580552                    /usr/lib64/libresolv-2.20.so
7f6a309a8000-7f6a309a9000 r--p 00016000 fd:01 1580552                    /usr/lib64/libresolv-2.20.so
7f6a309a9000-7f6a309aa000 rw-p 00017000 fd:01 1580552                    /usr/lib64/libresolv-2.20.so
7f6a309aa000-7f6a309ac000 rw-p 00000000 00:00 0 
7f6a309ac000-7f6a309b1000 r-xp 00000000 fd:01 1580472                    /usr/lib64/libnss_dns-2.20.so
7f6a309b1000-7f6a30bb0000 ---p 00005000 fd:01 1580472                    /usr/lib64/libnss_dns-2.20.so
7f6a30bb0000-7f6a30bb1000 r--p 00004000 fd:01 1580472                    /usr/lib64/libnss_dns-2.20.so
7f6a30bb1000-7f6a30bb2000 rw-p 00005000 fd:01 1580472                    /usr/lib64/libnss_dns-2.20.so
7f6a30bb2000-7f6a30bb4000 r-xp 00000000 fd:01 1581731                    /usr/lib64/libnss_mdns4_minimal.so.2
7f6a30bb4000-7f6a30db3000 ---p 00002000 fd:01 1581731                    /usr/lib64/libnss_mdns4_minimal.so.2
7f6a30db3000-7f6a30db4000 r--p 00001000 fd:01 1581731                    /usr/lib64/libnss_mdns4_minimal.so.2
7f6a30db4000-7f6a30db5000 rw-p 00002000 fd:01 1581731                    /usr/lib64/libnss_mdns4_minimal.so.2
7f6a30db5000-7f6a30dcc000 r-xp 00000000 fd:01 159002                     /usr/lib/jvm/java-1.8.0-openjdk-1.8.0.31-5.b13.fc21.x86_64/jre/lib/amd64/libnet.so
7f6a30dcc000-7f6a30fcb000 ---p 00017000 fd:01 159002                     /usr/lib/jvm/java-1.8.0-openjdk-1.8.0.31-5.b13.fc21.x86_64/jre/lib/amd64/libnet.so
7f6a30fcb000-7f6a30fcc000 r--p 00016000 fd:01 159002                     /usr/lib/jvm/java-1.8.0-openjdk-1.8.0.31-5.b13.fc21.x86_64/jre/lib/amd64/libnet.so
7f6a30fcc000-7f6a30fcd000 rw-p 00017000 fd:01 159002                     /usr/lib/jvm/java-1.8.0-openjdk-1.8.0.31-5.b13.fc21.x86_64/jre/lib/amd64/libnet.so
7f6a30fcd000-7f6a30fd0000 ---p 00000000 00:00 0 
7f6a30fd0000-7f6a310ce000 rw-p 00000000 00:00 0                          [stack:25796]
7f6a310ce000-7f6a310cf000 ---p 00000000 00:00 0 
7f6a310cf000-7f6a311cf000 rw-p 00000000 00:00 0                          [stack:25788]
7f6a311cf000-7f6a311d2000 ---p 00000000 00:00 0 
7f6a311d2000-7f6a312d0000 rw-p 00000000 00:00 0                          [stack:25787]
7f6a312d0000-7f6a312d3000 ---p 00000000 00:00 0 
7f6a312d3000-7f6a313d1000 rw-p 00000000 00:00 0                          [stack:25786]
7f6a313d1000-7f6a313d4000 ---p 00000000 00:00 0 
7f6a313d4000-7f6a314d2000 rw-p 00000000 00:00 0                          [stack:25785]
7f6a314d2000-7f6a314d5000 ---p 00000000 00:00 0 
7f6a314d5000-7f6a315d3000 rw-p 00000000 00:00 0                          [stack:25782]
7f6a315d3000-7f6a315d6000 ---p 00000000 00:00 0 
7f6a315d6000-7f6a316d4000 rw-p 00000000 00:00 0                          [stack:25781]
7f6a316d4000-7f6a316d7000 ---p 00000000 00:00 0 
7f6a316d7000-7f6a317d5000 rw-p 00000000 00:00 0                          [stack:25778]
7f6a317d5000-7f6a317d9000 r-xp 00000000 fd:01 158984                     /usr/lib/jvm/java-1.8.0-openjdk-1.8.0.31-5.b13.fc21.x86_64/jre/lib/amd64/libdt_socket.so
7f6a317d9000-7f6a319d8000 ---p 00004000 fd:01 158984                     /usr/lib/jvm/java-1.8.0-openjdk-1.8.0.31-5.b13.fc21.x86_64/jre/lib/amd64/libdt_socket.so
7f6a319d8000-7f6a319d9000 r--p 00003000 fd:01 158984                     /usr/lib/jvm/java-1.8.0-openjdk-1.8.0.31-5.b13.fc21.x86_64/jre/lib/amd64/libdt_socket.so
7f6a319d9000-7f6a319da000 rw-p 00004000 fd:01 158984                     /usr/lib/jvm/java-1.8.0-openjdk-1.8.0.31-5.b13.fc21.x86_64/jre/lib/amd64/libdt_socket.so
7f6a319da000-7f6a319dd000 ---p 00000000 00:00 0 
7f6a319dd000-7f6a31adb000 rw-p 00000000 00:00 0                          [stack:25776]
7f6a31adb000-7f6a31ade000 ---p 00000000 00:00 0 
7f6a31ade000-7f6a31bdc000 rw-p 00000000 00:00 0                          [stack:25775]
7f6a31bdc000-7f6a31bdf000 ---p 00000000 00:00 0 
7f6a31bdf000-7f6a36a8d000 rw-p 00000000 00:00 0                          [stack:25774]
7f6a36a8d000-7f6a3708d000 rwxp 00000000 00:00 0 
7f6a3708d000-7f6a45a8d000 ---p 00000000 00:00 0 
7f6a45a8d000-7f6a4c000000 r--p 00000000 fd:01 1587947                    /usr/lib/locale/locale-archive
7f6a4c000000-7f6a4c3d0000 rw-p 00000000 00:00 0 
7f6a4c3d0000-7f6a50000000 ---p 00000000 00:00 0 
7f6a5002e000-7f6a50030000 rw-p 00000000 00:00 0 
7f6a50030000-7f6a50043000 r--s 00345000 fd:01 158916                     /usr/lib/jvm/java-1.8.0-openjdk-1.8.0.31-5.b13.fc21.x86_64/jre/lib/resources.jar
7f6a50043000-7f6a50046000 r--s 00018000 fd:01 159037                     /usr/lib/jvm/java-1.8.0-openjdk-1.8.0.31-5.b13.fc21.x86_64/jre/lib/jce.jar
7f6a50046000-7f6a5004b000 r--s 00043000 fd:01 158932                     /usr/lib/jvm/java-1.8.0-openjdk-1.8.0.31-5.b13.fc21.x86_64/jre/lib/ext/sunjce_provider.jar
7f6a5004b000-7f6a50056000 r--s 0011c000 fd:01 158925                     /usr/lib/jvm/java-1.8.0-openjdk-1.8.0.31-5.b13.fc21.x86_64/jre/lib/ext/localedata.jar
7f6a50056000-7f6a50072000 r--s 003b6000 fd:01 159026                     /usr/lib/jvm/java-1.8.0-openjdk-1.8.0.31-5.b13.fc21.x86_64/jre/lib/ext/cldrdata.jar
7f6a50072000-7f6a50073000 ---p 00000000 00:00 0 
7f6a50073000-7f6a50b0b000 rw-p 00000000 00:00 0                          [stack:25773]
7f6a50b0b000-7f6a50cd8000 r--s 04391000 fd:01 159050                     /usr/lib/jvm/java-1.8.0-openjdk-1.8.0.31-5.b13.fc21.x86_64/jre/lib/rt.jar
7f6a50cd8000-7f6a51a29000 rw-p 00000000 00:00 0 
7f6a51a29000-7f6a51a2a000 ---p 00000000 00:00 0 
7f6a51a2a000-7f6a51b2a000 rw-p 00000000 00:00 0                          [stack:25772]
7f6a51b2a000-7f6a51b2b000 ---p 00000000 00:00 0 
7f6a51b2b000-7f6a51c5f000 rw-p 00000000 00:00 0                          [stack:25771]
7f6a51c5f000-7f6a51f68000 ---p 00000000 00:00 0 
7f6a51f68000-7f6a51f9c000 rw-p 00000000 00:00 0 
7f6a51f9c000-7f6a522a4000 ---p 00000000 00:00 0 
7f6a522a4000-7f6a522bf000 rw-p 00000000 00:00 0 
7f6a522bf000-7f6a52443000 ---p 00000000 00:00 0 
7f6a52443000-7f6a5245c000 rw-p 00000000 00:00 0 
7f6a5245c000-7f6a52804000 ---p 00000000 00:00 0 
7f6a52804000-7f6a5280c000 r-xp 00000000 fd:01 159009                     /usr/lib/jvm/java-1.8.0-openjdk-1.8.0.31-5.b13.fc21.x86_64/jre/lib/amd64/libzip.so
7f6a5280c000-7f6a52a0b000 ---p 00008000 fd:01 159009                     /usr/lib/jvm/java-1.8.0-openjdk-1.8.0.31-5.b13.fc21.x86_64/jre/lib/amd64/libzip.so
7f6a52a0b000-7f6a52a0c000 r--p 00007000 fd:01 159009                     /usr/lib/jvm/java-1.8.0-openjdk-1.8.0.31-5.b13.fc21.x86_64/jre/lib/amd64/libzip.so
7f6a52a0c000-7f6a52a0d000 rw-p 00008000 fd:01 159009                     /usr/lib/jvm/java-1.8.0-openjdk-1.8.0.31-5.b13.fc21.x86_64/jre/lib/amd64/libzip.so
7f6a52a0d000-7f6a52a19000 r-xp 00000000 fd:01 1580473                    /usr/lib64/libnss_files-2.20.so
7f6a52a19000-7f6a52c18000 ---p 0000c000 fd:01 1580473                    /usr/lib64/libnss_files-2.20.so
7f6a52c18000-7f6a52c19000 r--p 0000b000 fd:01 1580473                    /usr/lib64/libnss_files-2.20.so
7f6a52c19000-7f6a52c1a000 rw-p 0000c000 fd:01 1580473                    /usr/lib64/libnss_files-2.20.so
7f6a52c1a000-7f6a52c1c000 r-xp 00000000 fd:01 159004                     /usr/lib/jvm/java-1.8.0-openjdk-1.8.0.31-5.b13.fc21.x86_64/jre/lib/amd64/libnpt.so
7f6a52c1c000-7f6a52e1c000 ---p 00002000 fd:01 159004                     /usr/lib/jvm/java-1.8.0-openjdk-1.8.0.31-5.b13.fc21.x86_64/jre/lib/amd64/libnpt.so
7f6a52e1c000-7f6a52e1d000 r--p 00002000 fd:01 159004                     /usr/lib/jvm/java-1.8.0-openjdk-1.8.0.31-5.b13.fc21.x86_64/jre/lib/amd64/libnpt.so
7f6a52e1d000-7f6a52e1e000 rw-p 00003000 fd:01 159004                     /usr/lib/jvm/java-1.8.0-openjdk-1.8.0.31-5.b13.fc21.x86_64/jre/lib/amd64/libnpt.so
7f6a52e1e000-7f6a52e59000 r-xp 00000000 fd:01 158996                     /usr/lib/jvm/java-1.8.0-openjdk-1.8.0.31-5.b13.fc21.x86_64/jre/lib/amd64/libjdwp.so
7f6a52e59000-7f6a53058000 ---p 0003b000 fd:01 158996                     /usr/lib/jvm/java-1.8.0-openjdk-1.8.0.31-5.b13.fc21.x86_64/jre/lib/amd64/libjdwp.so
7f6a53058000-7f6a53059000 r--p 0003a000 fd:01 158996                     /usr/lib/jvm/java-1.8.0-openjdk-1.8.0.31-5.b13.fc21.x86_64/jre/lib/amd64/libjdwp.so
7f6a53059000-7f6a5305a000 rw-p 0003b000 fd:01 158996                     /usr/lib/jvm/java-1.8.0-openjdk-1.8.0.31-5.b13.fc21.x86_64/jre/lib/amd64/libjdwp.so
7f6a5305a000-7f6a5305b000 rw-p 00000000 00:00 0 
7f6a5305b000-7f6a53089000 r-xp 00000000 fd:01 158992                     /usr/lib/jvm/java-1.8.0-openjdk-1.8.0.31-5.b13.fc21.x86_64/jre/lib/amd64/libjava.so
7f6a53089000-7f6a53288000 ---p 0002e000 fd:01 158992                     /usr/lib/jvm/java-1.8.0-openjdk-1.8.0.31-5.b13.fc21.x86_64/jre/lib/amd64/libjava.so
7f6a53288000-7f6a53289000 r--p 0002d000 fd:01 158992                     /usr/lib/jvm/java-1.8.0-openjdk-1.8.0.31-5.b13.fc21.x86_64/jre/lib/amd64/libjava.so
7f6a53289000-7f6a5328b000 rw-p 0002e000 fd:01 158992                     /usr/lib/jvm/java-1.8.0-openjdk-1.8.0.31-5.b13.fc21.x86_64/jre/lib/amd64/libjava.so
7f6a5328b000-7f6a53298000 r-xp 00000000 fd:01 159008                     /usr/lib/jvm/java-1.8.0-openjdk-1.8.0.31-5.b13.fc21.x86_64/jre/lib/amd64/libverify.so
7f6a53298000-7f6a53497000 ---p 0000d000 fd:01 159008                     /usr/lib/jvm/java-1.8.0-openjdk-1.8.0.31-5.b13.fc21.x86_64/jre/lib/amd64/libverify.so
7f6a53497000-7f6a53499000 r--p 0000c000 fd:01 159008                     /usr/lib/jvm/java-1.8.0-openjdk-1.8.0.31-5.b13.fc21.x86_64/jre/lib/amd64/libverify.so
7f6a53499000-7f6a5349a000 rw-p 0000e000 fd:01 159008                     /usr/lib/jvm/java-1.8.0-openjdk-1.8.0.31-5.b13.fc21.x86_64/jre/lib/amd64/libverify.so
7f6a5349a000-7f6a534a1000 r-xp 00000000 fd:01 1580583                    /usr/lib64/librt-2.20.so
7f6a534a1000-7f6a536a0000 ---p 00007000 fd:01 1580583                    /usr/lib64/librt-2.20.so
7f6a536a0000-7f6a536a1000 r--p 00006000 fd:01 1580583                    /usr/lib64/librt-2.20.so
7f6a536a1000-7f6a536a2000 rw-p 00007000 fd:01 1580583                    /usr/lib64/librt-2.20.so
7f6a536a2000-7f6a536b8000 r-xp 00000000 fd:01 1587945                    /usr/lib64/libgcc_s-4.9.2-20150212.so.1
7f6a536b8000-7f6a538b7000 ---p 00016000 fd:01 1587945                    /usr/lib64/libgcc_s-4.9.2-20150212.so.1
7f6a538b7000-7f6a538b8000 r--p 00015000 fd:01 1587945                    /usr/lib64/libgcc_s-4.9.2-20150212.so.1
7f6a538b8000-7f6a538b9000 rw-p 00016000 fd:01 1587945                    /usr/lib64/libgcc_s-4.9.2-20150212.so.1
7f6a538b9000-7f6a539c0000 r-xp 00000000 fd:01 1580042                    /usr/lib64/libm-2.20.so
7f6a539c0000-7f6a53bbf000 ---p 00107000 fd:01 1580042                    /usr/lib64/libm-2.20.so
7f6a53bbf000-7f6a53bc0000 r--p 00106000 fd:01 1580042                    /usr/lib64/libm-2.20.so
7f6a53bc0000-7f6a53bc1000 rw-p 00107000 fd:01 1580042                    /usr/lib64/libm-2.20.so
7f6a53bc1000-7f6a53cb1000 r-xp 00000000 fd:01 1580649                    /usr/lib64/libstdc++.so.6.0.20
7f6a53cb1000-7f6a53eb1000 ---p 000f0000 fd:01 1580649                    /usr/lib64/libstdc++.so.6.0.20
7f6a53eb1000-7f6a53eb9000 r--p 000f0000 fd:01 1580649                    /usr/lib64/libstdc++.so.6.0.20
7f6a53eb9000-7f6a53ebb000 rw-p 000f8000 fd:01 1580649                    /usr/lib64/libstdc++.so.6.0.20
7f6a53ebb000-7f6a53ed0000 rw-p 00000000 00:00 0 
7f6a53ed0000-7f6a54af3000 r-xp 00000000 fd:01 159013                     /usr/lib/jvm/java-1.8.0-openjdk-1.8.0.31-5.b13.fc21.x86_64/jre/lib/amd64/server/libjvm.so
7f6a54af3000-7f6a54cf2000 ---p 00c23000 fd:01 159013                     /usr/lib/jvm/java-1.8.0-openjdk-1.8.0.31-5.b13.fc21.x86_64/jre/lib/amd64/server/libjvm.so
7f6a54cf2000-7f6a54d95000 r--p 00c22000 fd:01 159013                     /usr/lib/jvm/java-1.8.0-openjdk-1.8.0.31-5.b13.fc21.x86_64/jre/lib/amd64/server/libjvm.so
7f6a54d95000-7f6a54dbd000 rw-p 00cc5000 fd:01 159013                     /usr/lib/jvm/java-1.8.0-openjdk-1.8.0.31-5.b13.fc21.x86_64/jre/lib/amd64/server/libjvm.so
7f6a54dbd000-7f6a54deb000 rw-p 00000000 00:00 0 
7f6a54deb000-7f6a54f9e000 r-xp 00000000 fd:01 1579909                    /usr/lib64/libc-2.20.so
7f6a54f9e000-7f6a5519e000 ---p 001b3000 fd:01 1579909                    /usr/lib64/libc-2.20.so
7f6a5519e000-7f6a551a2000 r--p 001b3000 fd:01 1579909                    /usr/lib64/libc-2.20.so
7f6a551a2000-7f6a551a4000 rw-p 001b7000 fd:01 1579909                    /usr/lib64/libc-2.20.so
7f6a551a4000-7f6a551a8000 rw-p 00000000 00:00 0 
7f6a551a8000-7f6a551ab000 r-xp 00000000 fd:01 1580019                    /usr/lib64/libdl-2.20.so
7f6a551ab000-7f6a553aa000 ---p 00003000 fd:01 1580019                    /usr/lib64/libdl-2.20.so
7f6a553aa000-7f6a553ab000 r--p 00002000 fd:01 1580019                    /usr/lib64/libdl-2.20.so
7f6a553ab000-7f6a553ac000 rw-p 00003000 fd:01 1580019                    /usr/lib64/libdl-2.20.so
7f6a553ac000-7f6a553b9000 r-xp 00000000 fd:01 159120                     /usr/lib/jvm/java-1.8.0-openjdk-1.8.0.31-5.b13.fc21.x86_64/lib/amd64/jli/libjli.so
7f6a553b9000-7f6a555b8000 ---p 0000d000 fd:01 159120                     /usr/lib/jvm/java-1.8.0-openjdk-1.8.0.31-5.b13.fc21.x86_64/lib/amd64/jli/libjli.so
7f6a555b8000-7f6a555b9000 r--p 0000c000 fd:01 159120                     /usr/lib/jvm/java-1.8.0-openjdk-1.8.0.31-5.b13.fc21.x86_64/lib/amd64/jli/libjli.so
7f6a555b9000-7f6a555ba000 rw-p 0000d000 fd:01 159120                     /usr/lib/jvm/java-1.8.0-openjdk-1.8.0.31-5.b13.fc21.x86_64/lib/amd64/jli/libjli.so
7f6a555ba000-7f6a555cf000 r-xp 00000000 fd:01 1582151                    /usr/lib64/libz.so.1.2.8
7f6a555cf000-7f6a557ce000 ---p 00015000 fd:01 1582151                    /usr/lib64/libz.so.1.2.8
7f6a557ce000-7f6a557cf000 r--p 00014000 fd:01 1582151                    /usr/lib64/libz.so.1.2.8
7f6a557cf000-7f6a557d0000 rw-p 00015000 fd:01 1582151                    /usr/lib64/libz.so.1.2.8
7f6a557d0000-7f6a557e7000 r-xp 00000000 fd:01 1580477                    /usr/lib64/libpthread-2.20.so
7f6a557e7000-7f6a559e6000 ---p 00017000 fd:01 1580477                    /usr/lib64/libpthread-2.20.so
7f6a559e6000-7f6a559e7000 r--p 00016000 fd:01 1580477                    /usr/lib64/libpthread-2.20.so
7f6a559e7000-7f6a559e8000 rw-p 00017000 fd:01 1580477                    /usr/lib64/libpthread-2.20.so
7f6a559e8000-7f6a559ec000 rw-p 00000000 00:00 0 
7f6a559ec000-7f6a55a0d000 r-xp 00000000 fd:01 1583253                    /usr/lib64/ld-2.20.so
7f6a55a0d000-7f6a55a13000 r--s 00308000 fd:01 158911                     /usr/lib/jvm/java-1.8.0-openjdk-1.8.0.31-5.b13.fc21.x86_64/jre/lib/charsets.jar
7f6a55a13000-7f6a55a19000 r--s 00047000 fd:02 789564                     /home/AM/Downloads/jsoup-1.8.2.jar
7f6a55a19000-7f6a55aee000 rw-p 00000000 00:00 0 
7f6a55aee000-7f6a55af1000 ---p 00000000 00:00 0 
7f6a55af1000-7f6a55bf5000 rw-p 00000000 00:00 0                          [stack:25769]
7f6a55bf5000-7f6a55bf9000 r--s 000ad000 fd:01 159039                     /usr/lib/jvm/java-1.8.0-openjdk-1.8.0.31-5.b13.fc21.x86_64/jre/lib/jsse.jar
7f6a55bf9000-7f6a55c02000 r--s 000e4000 fd:02 806341                     /home/AM/Downloads/mysql-connector-java-5.1.35/mysql-connector-java-5.1.35-bin.jar
7f6a55c02000-7f6a55c0a000 rw-s 00000000 00:23 134881                     /tmp/hsperfdata_AM/25764
7f6a55c0a000-7f6a55c0b000 rw-p 00000000 00:00 0 
7f6a55c0b000-7f6a55c0c000 r--p 00000000 00:00 0 
7f6a55c0c000-7f6a55c0d000 rw-p 00000000 00:00 0 
7f6a55c0d000-7f6a55c0e000 r--p 00021000 fd:01 1583253                    /usr/lib64/ld-2.20.so
7f6a55c0e000-7f6a55c0f000 rw-p 00022000 fd:01 1583253                    /usr/lib64/ld-2.20.so
7f6a55c0f000-7f6a55c10000 rw-p 00000000 00:00 0 
7fff82e9f000-7fff82ec0000 rw-p 00000000 00:00 0                          [stack]
7fff82ffc000-7fff82ffe000 r--p 00000000 00:00 0                          [vvar]
7fff82ffe000-7fff83000000 r-xp 00000000 00:00 0                          [vdso]
ffffffffff600000-ffffffffff601000 r-xp 00000000 00:00 0                  [vsyscall]

VM Arguments:
jvm_args: -agentlib:jdwp=transport=dt_socket,suspend=y,address=localhost:51522 -Dfile.encoding=UTF-8 
java_command: client.JsonClient
java_class_path (initial): /home/AM/Projects/Java/JsonClient/bin:/home/AM/Downloads/mysql-connector-java-5.1.35/mysql-connector-java-5.1.35-bin.jar:/home/AM/Downloads/jsoup-1.8.2.jar
Launcher Type: SUN_STANDARD

Environment Variables:
JAVA_HOME=/etc/alternatives/java_sdk_1.8.0
PATH=/usr/local/bin:/usr/local/sbin:/usr/bin:/usr/sbin:/bin:/sbin:/home/AM/.rvm/bin:/home/AM/.rvm/bin:/home/AM/.local/bin:/home/AM/bin:/home/AM/.rvm/bin
USERNAME=AM
SHELL=/bin/bash
DISPLAY=:0

Signal Handlers:
SIGSEGV: [libjvm.so+0xa310d0], sa_mask[0]=11111111011111111101111111111110, sa_flags=SA_RESTART|SA_SIGINFO
SIGBUS: [libjvm.so+0xa310d0], sa_mask[0]=11111111011111111101111111111110, sa_flags=SA_RESTART|SA_SIGINFO
SIGFPE: [libjvm.so+0x88dcd0], sa_mask[0]=11111111011111111101111111111110, sa_flags=SA_RESTART|SA_SIGINFO
SIGPIPE: [libjvm.so+0x88dcd0], sa_mask[0]=11111111011111111101111111111110, sa_flags=SA_RESTART|SA_SIGINFO
SIGXFSZ: [libjvm.so+0x88dcd0], sa_mask[0]=11111111011111111101111111111110, sa_flags=SA_RESTART|SA_SIGINFO
SIGILL: [libjvm.so+0x88dcd0], sa_mask[0]=11111111011111111101111111111110, sa_flags=SA_RESTART|SA_SIGINFO
SIGUSR1: SIG_DFL, sa_mask[0]=00000000000000000000000000000000, sa_flags=none
SIGUSR2: [libjvm.so+0x88db80], sa_mask[0]=00100000000000000000000000000000, sa_flags=SA_RESTART|SA_SIGINFO
SIGHUP: [libjvm.so+0x88dd90], sa_mask[0]=11111111011111111101111111111110, sa_flags=SA_RESTART|SA_SIGINFO
SIGINT: [libjvm.so+0x88dd90], sa_mask[0]=11111111011111111101111111111110, sa_flags=SA_RESTART|SA_SIGINFO
SIGTERM: [libjvm.so+0x88dd90], sa_mask[0]=11111111011111111101111111111110, sa_flags=SA_RESTART|SA_SIGINFO
SIGQUIT: [libjvm.so+0x88dd90], sa_mask[0]=11111111011111111101111111111110, sa_flags=SA_RESTART|SA_SIGINFO


---------------  S Y S T E M  ---------------

OS:Fedora release 21 (Twenty One)

uname:Linux 3.17.4-301.fc21.x86_64 #1 SMP Thu Nov 27 19:09:10 UTC 2014 x86_64
libc:glibc 2.20 NPTL 2.20 
rlimit: STACK 8192k, CORE 0k, NPROC 4096, NOFILE 4096, AS infinity
load average:0.52 0.76 0.68

/proc/meminfo:
MemTotal:       10176272 kB
MemFree:         3682656 kB
MemAvailable:    5968264 kB
Buffers:          219928 kB
Cached:          2178468 kB
SwapCached:            0 kB
Active:          5430716 kB
Inactive:         666024 kB
Active(anon):    3699284 kB
Inactive(anon):    24020 kB
Active(file):    1731432 kB
Inactive(file):   642004 kB
Unevictable:           8 kB
Mlocked:               8 kB
SwapTotal:       5451772 kB
SwapFree:        5451772 kB
Dirty:                44 kB
Writeback:             0 kB
AnonPages:       3698348 kB
Mapped:           339140 kB
Shmem:             24968 kB
Slab:             225012 kB
SReclaimable:     162232 kB
SUnreclaim:        62780 kB
KernelStack:       14560 kB
PageTables:        34420 kB
NFS_Unstable:          0 kB
Bounce:                0 kB
WritebackTmp:          0 kB
CommitLimit:    10539908 kB
Committed_AS:    6301852 kB
VmallocTotal:   34359738367 kB
VmallocUsed:      210068 kB
VmallocChunk:   34359479080 kB
HardwareCorrupted:     0 kB
AnonHugePages:         0 kB
HugePages_Total:       0
HugePages_Free:        0
HugePages_Rsvd:        0
HugePages_Surp:        0
Hugepagesize:       2048 kB
DirectMap4k:       98112 kB
DirectMap2M:    10338304 kB


CPU:total 2 (2 cores per cpu, 1 threads per core) family 6 model 58 stepping 9, cmov, cx8, fxsr, mmx, sse, sse2, sse3, ssse3, sse4.1, sse4.2, popcnt, avx, aes, clmul, erms, tsc, tscinvbit, tscinv

/proc/cpuinfo:
processor	: 0
vendor_id	: GenuineIntel
cpu family	: 6
model		: 58
model name	: Intel(R) Core(TM) i7-3740QM CPU @ 2.70GHz
stepping	: 9
microcode	: 0x1b
cpu MHz		: 2693.890
cache size	: 6144 KB
physical id	: 0
siblings	: 2
core id		: 0
cpu cores	: 2
apicid		: 0
initial apicid	: 0
fpu		: yes
fpu_exception	: yes
cpuid level	: 13
wp		: yes
flags		: fpu vme de pse tsc msr pae mce cx8 apic sep mtrr pge mca cmov pat pse36 clflush dts mmx fxsr sse sse2 ss ht syscall nx rdtscp lm constant_tsc arch_perfmon pebs bts nopl xtopology tsc_reliable nonstop_tsc aperfmperf pni pclmulqdq vmx ssse3 cx16 pcid sse4_1 sse4_2 x2apic popcnt tsc_deadline_timer aes xsave avx f16c rdrand hypervisor lahf_lm ida arat epb pln pts dtherm tpr_shadow vnmi ept vpid fsgsbase tsc_adjust smep
bugs		:
bogomips	: 5387.78
clflush size	: 64
cache_alignment	: 64
address sizes	: 42 bits physical, 48 bits virtual
power management:

processor	: 1
vendor_id	: GenuineIntel
cpu family	: 6
model		: 58
model name	: Intel(R) Core(TM) i7-3740QM CPU @ 2.70GHz
stepping	: 9
microcode	: 0x1b
cpu MHz		: 2693.890
cache size	: 6144 KB
physical id	: 0
siblings	: 2
core id		: 1
cpu cores	: 2
apicid		: 1
initial apicid	: 1
fpu		: yes
fpu_exception	: yes
cpuid level	: 13
wp		: yes
flags		: fpu vme de pse tsc msr pae mce cx8 apic sep mtrr pge mca cmov pat pse36 clflush dts mmx fxsr sse sse2 ss ht syscall nx rdtscp lm constant_tsc arch_perfmon pebs bts nopl xtopology tsc_reliable nonstop_tsc aperfmperf pni pclmulqdq vmx ssse3 cx16 pcid sse4_1 sse4_2 x2apic popcnt tsc_deadline_timer aes xsave avx f16c rdrand hypervisor lahf_lm ida arat epb pln pts dtherm tpr_shadow vnmi ept vpid fsgsbase tsc_adjust smep
bugs		:
bogomips	: 5387.78
clflush size	: 64
cache_alignment	: 64
address sizes	: 42 bits physical, 48 bits virtual
power management:



Memory: 4k page, physical 10176272k(3682656k free), swap 5451772k(5451772k free)

vm_info: OpenJDK 64-Bit Server VM (25.31-b07) for linux-amd64 JRE (1.8.0_31-b13), built on Feb 13 2015 14:09:38 by "mockbuild" with gcc 4.9.2 20141101 (Red Hat 4.9.2-1)

time: Mon May 25 22:49:40 2015
elapsed time: 400 seconds (0d 0h 6m 40s)

